<?xml version="1.0" encoding="UTF-8"?>
<!-- Generated by org.testng.reporters.JUnitReportReporter -->
<testsuite hostname="kishor-PC" name="com.skorkel.bussinesslogic.A_Login" tests="5" failures="0" timestamp="19 Jun 2016 17:44:59 GMT" time="101.096" errors="0">
  <testcase name="invokeApp" time="32.465" classname="com.skorkel.bussinesslogic.A_Login"/>
  <testcase name="findSigninButton" time="0.183" classname="com.skorkel.bussinesslogic.A_Login"/>
  <testcase name="findandsendUsername" time="0.302" classname="com.skorkel.bussinesslogic.A_Login"/>
  <testcase name="findandsendPassword" time="0.160" classname="com.skorkel.bussinesslogic.A_Login"/>
  <testcase name="clickloginButton" time="67.986" classname="com.skorkel.bussinesslogic.A_Login"/>
</testsuite> <!-- com.skorkel.bussinesslogic.A_Login -->
